<?xml version="1.0" encoding="UTF-8"?>
<robot generator="Robot 7.0 (Python 3.11.3 on win32)" generated="2024-05-13T19:31:51.659202" rpa="false" schemaversion="5">
<suite id="s1" name="Inputbox" source="C:\Users\aimai\OneDrive\Desktop\aimluffy_test\AutomateTestDemo\testcase\inputbox.robot">
<test id="s1-t1" name="TestingInputBox" line="11">
<kw name="Open Browser" owner="SeleniumLibrary">
<msg time="2024-05-13T19:31:51.782375" level="INFO">Opening browser 'Chrome' to base url 'https://www.saucedemo.com/'.</msg>
<arg>${url}</arg>
<arg>${browser}</arg>
<doc>Opens a new browser instance to the optional ``url``.</doc>
<status status="PASS" start="2024-05-13T19:31:51.781879" elapsed="1.840182"/>
</kw>
<kw name="Maximize Browser Window" owner="SeleniumLibrary">
<doc>Maximizes current browser window.</doc>
<status status="PASS" start="2024-05-13T19:31:53.622558" elapsed="0.015893"/>
</kw>
<kw name="Title Should Be" owner="SeleniumLibrary">
<msg time="2024-05-13T19:31:53.641928" level="INFO">Page title is 'Swag Labs'.</msg>
<arg>Swag Labs</arg>
<doc>Verifies that the current page title equals ``title``.</doc>
<status status="PASS" start="2024-05-13T19:31:53.638948" elapsed="0.002980"/>
</kw>
<kw name="Set Variable" owner="BuiltIn">
<msg time="2024-05-13T19:31:53.642425" level="INFO">${"Username_txt"} = id:user-name</msg>
<var>${"Username_txt"}</var>
<arg>id:user-name</arg>
<doc>Returns the given values which can then be assigned to a variables.</doc>
<status status="PASS" start="2024-05-13T19:31:53.642425" elapsed="0.000000"/>
</kw>
<kw name="Element Should Be Visible" owner="SeleniumLibrary">
<msg time="2024-05-13T19:31:53.655337" level="INFO">Element 'id:user-name' is displayed.</msg>
<arg>${"Username_txt"}</arg>
<doc>Verifies that the element identified by ``locator`` is visible.</doc>
<status status="PASS" start="2024-05-13T19:31:53.642921" elapsed="0.012416"/>
</kw>
<kw name="element should be enable">
<msg time="2024-05-13T19:31:53.656827" level="FAIL">No keyword with name 'element should be enable' found. Did you mean:
    SeleniumLibrary.Element Should Be Enabled
    SeleniumLibrary.Element Should Be Disabled</msg>
<arg>${"Username_txt"}</arg>
<status status="FAIL" start="2024-05-13T19:31:53.656827" elapsed="0.000000">No keyword with name 'element should be enable' found. Did you mean:
    SeleniumLibrary.Element Should Be Enabled
    SeleniumLibrary.Element Should Be Disabled</status>
</kw>
<kw name="input text ${&quot;username_txt&quot;}">
<arg>${id}</arg>
<status status="NOT RUN" start="2024-05-13T19:31:53.658317" elapsed="0.000000"/>
</kw>
<kw name="sleep 5">
<status status="NOT RUN" start="2024-05-13T19:31:53.658814" elapsed="0.000000"/>
</kw>
<kw name="Clear Element Text" owner="SeleniumLibrary">
<arg>${"Username_txt"}</arg>
<doc>Clears the value of the text-input-element identified by ``locator``.</doc>
<status status="NOT RUN" start="2024-05-13T19:31:53.658814" elapsed="0.000497"/>
</kw>
<kw name="sleep 3">
<status status="NOT RUN" start="2024-05-13T19:31:53.659807" elapsed="0.000000"/>
</kw>
<kw name="Close Browser" owner="SeleniumLibrary">
<doc>Closes the current browser.</doc>
<status status="NOT RUN" start="2024-05-13T19:31:53.659807" elapsed="0.000000"/>
</kw>
<status status="FAIL" start="2024-05-13T19:31:51.781395" elapsed="1.878909">No keyword with name 'element should be enable' found. Did you mean:
    SeleniumLibrary.Element Should Be Enabled
    SeleniumLibrary.Element Should Be Disabled</status>
</test>
<status status="FAIL" start="2024-05-13T19:31:51.660195" elapsed="2.000606"/>
</suite>
<statistics>
<total>
<stat pass="0" fail="1" skip="0">All Tests</stat>
</total>
<tag>
</tag>
<suite>
<stat pass="0" fail="1" skip="0" id="s1" name="Inputbox">Inputbox</stat>
</suite>
</statistics>
<errors>
</errors>
</robot>
